<?xml version="1.0" encoding="UTF-8"?>
<testng-results ignored="0" total="1" passed="1" failed="0" skipped="0">
  <reporter-output>
  </reporter-output>
  <suite started-at="2024-01-11T05:43:22Z" name="TestNG-Cucumber Suite" finished-at="2024-01-11T05:43:25Z" duration-ms="2248">
    <groups>
      <group name="cucumber">
        <method signature="AbstractTestNGCucumberTests.feature(cucumber.api.testng.CucumberFeatureWrapper)[pri:0, instance:testRunner.Runner@1356d4d4]" name="feature" class="cucumber.api.testng.AbstractTestNGCucumberTests"/>
      </group> <!-- cucumber -->
    </groups>
    <test started-at="2024-01-11T05:43:22Z" name="Apple test" finished-at="2024-01-11T05:43:25Z" duration-ms="2248">
      <class name="testRunner.Runner">
        <test-method is-config="true" signature="setUpClass()[pri:0, instance:testRunner.Runner@1356d4d4]" started-at="2024-01-11T12:43:22Z" name="setUpClass" finished-at="2024-01-11T12:43:23Z" duration-ms="205" status="PASS">
          <reporter-output>
          </reporter-output>
        </test-method> <!-- setUpClass -->
        <test-method signature="feature(cucumber.api.testng.CucumberFeatureWrapper)[pri:0, instance:testRunner.Runner@1356d4d4]" started-at="2024-01-11T12:43:23Z" name="feature" description="Runs Cucumber Feature" data-provider="features" finished-at="2024-01-11T12:43:24Z" duration-ms="1719" status="PASS">
          <params>
            <param index="0">
              <value>
                <![CDATA[Test Reqres user api�s with rest assured library and cucumber framework]]>
              </value>
            </param>
          </params>
          <reporter-output>
          </reporter-output>
        </test-method> <!-- feature -->
        <test-method is-config="true" signature="tearDownClass()[pri:0, instance:testRunner.Runner@1356d4d4]" started-at="2024-01-11T12:43:24Z" name="tearDownClass" finished-at="2024-01-11T12:43:25Z" duration-ms="241" status="PASS">
          <reporter-output>
          </reporter-output>
        </test-method> <!-- tearDownClass -->
      </class> <!-- testRunner.Runner -->
    </test> <!-- Apple test -->
  </suite> <!-- TestNG-Cucumber Suite -->
</testng-results>
